mode: atomic
github.com/CassioRoos/e-core/services/echo.go:14.35,16.2 1 2
github.com/CassioRoos/e-core/services/echo.go:18.51,20.30 2 2
github.com/CassioRoos/e-core/services/echo.go:23.2,23.17 1 2
github.com/CassioRoos/e-core/services/echo.go:20.30,22.3 1 7
github.com/CassioRoos/e-core/services/flatten.go:15.41,17.2 1 2
github.com/CassioRoos/e-core/services/flatten.go:19.57,21.30 2 2
github.com/CassioRoos/e-core/services/flatten.go:24.2,25.17 2 2
github.com/CassioRoos/e-core/services/flatten.go:21.30,23.3 1 7
github.com/CassioRoos/e-core/services/inverter.go:9.39,11.2 1 2
github.com/CassioRoos/e-core/services/inverter.go:13.55,15.36 2 2
github.com/CassioRoos/e-core/services/inverter.go:23.2,23.17 1 2
github.com/CassioRoos/e-core/services/inverter.go:15.36,17.37 2 7
github.com/CassioRoos/e-core/services/inverter.go:20.3,21.26 2 7
github.com/CassioRoos/e-core/services/inverter.go:17.37,19.4 1 25
github.com/CassioRoos/e-core/services/mocks.go:25.60,28.2 2 0
github.com/CassioRoos/e-core/services/mocks.go:30.66,33.2 2 0
github.com/CassioRoos/e-core/services/mocks.go:35.83,38.2 2 0
github.com/CassioRoos/e-core/services/mocks.go:40.67,43.2 2 0
github.com/CassioRoos/e-core/services/mocks.go:45.64,48.2 2 0
github.com/CassioRoos/e-core/services/multiply.go:16.43,18.2 1 5
github.com/CassioRoos/e-core/services/multiply.go:20.73,22.30 2 5
github.com/CassioRoos/e-core/services/multiply.go:31.2,31.22 1 4
github.com/CassioRoos/e-core/services/multiply.go:22.30,23.29 1 14
github.com/CassioRoos/e-core/services/multiply.go:23.29,25.18 2 55
github.com/CassioRoos/e-core/services/multiply.go:28.4,28.17 1 54
github.com/CassioRoos/e-core/services/multiply.go:25.18,27.5 1 1
github.com/CassioRoos/e-core/services/sum.go:16.33,18.2 1 5
github.com/CassioRoos/e-core/services/sum.go:20.56,22.30 2 5
github.com/CassioRoos/e-core/services/sum.go:31.2,31.22 1 4
github.com/CassioRoos/e-core/services/sum.go:22.30,23.29 1 14
github.com/CassioRoos/e-core/services/sum.go:23.29,25.18 2 55
github.com/CassioRoos/e-core/services/sum.go:28.4,28.17 1 54
github.com/CassioRoos/e-core/services/sum.go:25.18,27.5 1 1
github.com/CassioRoos/e-core/services/test.go:18.36,20.2 1 5
github.com/CassioRoos/e-core/services/test.go:22.51,63.2 1 2
github.com/CassioRoos/e-core/services/test.go:65.69,78.2 1 3
github.com/CassioRoos/e-core/handlers/baseHandler.go:17.109,19.16 2 9
github.com/CassioRoos/e-core/handlers/baseHandler.go:25.2,27.16 3 8
github.com/CassioRoos/e-core/handlers/baseHandler.go:31.2,31.21 1 7
github.com/CassioRoos/e-core/handlers/baseHandler.go:19.16,24.3 2 1
github.com/CassioRoos/e-core/handlers/baseHandler.go:27.16,30.3 2 1
github.com/CassioRoos/e-core/handlers/flatten.go:17.77,19.2 1 1
github.com/CassioRoos/e-core/handlers/flatten.go:21.70,24.16 3 1
github.com/CassioRoos/e-core/handlers/flatten.go:28.2,30.26 3 1
github.com/CassioRoos/e-core/handlers/flatten.go:24.16,27.3 2 0
github.com/CassioRoos/e-core/handlers/initialize.go:19.13,41.2 17 1
github.com/CassioRoos/e-core/handlers/inverter.go:16.74,18.2 1 1
github.com/CassioRoos/e-core/handlers/inverter.go:20.69,23.16 3 1
github.com/CassioRoos/e-core/handlers/inverter.go:27.2,29.26 3 1
github.com/CassioRoos/e-core/handlers/inverter.go:23.16,26.3 2 0
github.com/CassioRoos/e-core/handlers/tests.go:18.41,20.16 2 9
github.com/CassioRoos/e-core/handlers/tests.go:23.2,23.13 1 9
github.com/CassioRoos/e-core/handlers/tests.go:20.16,21.13 1 0
github.com/CassioRoos/e-core/handlers/tests.go:26.68,31.16 5 9
github.com/CassioRoos/e-core/handlers/tests.go:35.2,36.16 2 9
github.com/CassioRoos/e-core/handlers/tests.go:39.2,46.3 4 9
github.com/CassioRoos/e-core/handlers/tests.go:31.16,32.13 1 0
github.com/CassioRoos/e-core/handlers/tests.go:36.16,37.13 1 0
github.com/CassioRoos/e-core/handlers/echo.go:16.68,18.2 1 1
github.com/CassioRoos/e-core/handlers/echo.go:20.67,23.16 3 3
github.com/CassioRoos/e-core/handlers/echo.go:27.2,30.26 4 1
github.com/CassioRoos/e-core/handlers/echo.go:23.16,26.3 2 2
github.com/CassioRoos/e-core/handlers/healthCheck.go:13.52,15.2 1 1
github.com/CassioRoos/e-core/handlers/healthCheck.go:18.74,24.2 5 0
github.com/CassioRoos/e-core/handlers/multiply.go:16.80,18.2 1 1
github.com/CassioRoos/e-core/handlers/multiply.go:20.71,23.16 3 2
github.com/CassioRoos/e-core/handlers/multiply.go:27.2,28.16 2 2
github.com/CassioRoos/e-core/handlers/multiply.go:33.2,34.26 2 1
github.com/CassioRoos/e-core/handlers/multiply.go:23.16,26.3 2 0
github.com/CassioRoos/e-core/handlers/multiply.go:28.16,32.3 3 1
github.com/CassioRoos/e-core/handlers/sum.go:16.65,18.2 1 1
github.com/CassioRoos/e-core/handlers/sum.go:20.66,23.16 3 2
github.com/CassioRoos/e-core/handlers/sum.go:27.2,28.16 2 2
github.com/CassioRoos/e-core/handlers/sum.go:33.2,34.26 2 1
github.com/CassioRoos/e-core/handlers/sum.go:23.16,26.3 2 0
github.com/CassioRoos/e-core/handlers/sum.go:28.16,32.3 3 1
